DEBUG:root:Random Initialization 	 After Logistic Fitting, Train Loss: 1.434675837817945	Top1 accuracy: 0.5180921052631579
DEBUG:root:Random Initialization 	 After Logistic Fitting, Test  Loss: 1.654246953225905	Top1 accuracy: 0.4002016129032258
INFO:root:Start SimCLR training for 100 epochs.
INFO:root:Training with gpu: False.
DEBUG:root:Epoch: 0	Loss: 5.566074848175049	Top1 accuracy: 2.9296875
DEBUG:root:Epoch: 0	 After Logistic Fitting, Train Loss: 1.1909709478679456	Top1 accuracy: 0.5733963815789473
DEBUG:root:Epoch: 0	 After Logistic Fitting, Test  Loss: 1.3168913741265573	Top1 accuracy: 0.5147429435483871
DEBUG:root:Epoch: 1	Loss: 5.033716678619385	Top1 accuracy: 12.109375
DEBUG:root:Epoch: 2	Loss: 4.5781354904174805	Top1 accuracy: 13.28125
DEBUG:root:Epoch: 3	Loss: 4.138789176940918	Top1 accuracy: 21.875
DEBUG:root:Epoch: 4	Loss: 3.8990156650543213	Top1 accuracy: 29.1015625
DEBUG:root:Epoch: 5	Loss: 3.7494754791259766	Top1 accuracy: 37.5
DEBUG:root:Epoch: 5	 After Logistic Fitting, Train Loss: 1.0044797972628945	Top1 accuracy: 0.6502878289473685
DEBUG:root:Epoch: 5	 After Logistic Fitting, Test  Loss: 1.1396449150577668	Top1 accuracy: 0.592741935483871
DEBUG:root:Epoch: 6	Loss: 3.474670886993408	Top1 accuracy: 35.7421875
DEBUG:root:Epoch: 7	Loss: 3.00508451461792	Top1 accuracy: 42.578125
DEBUG:root:Epoch: 8	Loss: 3.0809082984924316	Top1 accuracy: 40.4296875
DEBUG:root:Epoch: 9	Loss: 3.0884439945220947	Top1 accuracy: 39.6484375
DEBUG:root:Epoch: 10	Loss: 3.031649351119995	Top1 accuracy: 48.2421875
DEBUG:root:Epoch: 10	 After Logistic Fitting, Train Loss: 0.9737298739583868	Top1 accuracy: 0.6630345394736842
DEBUG:root:Epoch: 10	 After Logistic Fitting, Test  Loss: 1.1034016070827362	Top1 accuracy: 0.6049647177419355
DEBUG:root:Epoch: 11	Loss: 2.8477015495300293	Top1 accuracy: 47.8515625
DEBUG:root:Epoch: 12	Loss: 2.5492098331451416	Top1 accuracy: 50.390625
DEBUG:root:Epoch: 13	Loss: 2.69946551322937	Top1 accuracy: 51.953125
DEBUG:root:Epoch: 14	Loss: 2.6121139526367188	Top1 accuracy: 47.0703125
DEBUG:root:Epoch: 15	Loss: 2.4751579761505127	Top1 accuracy: 53.3203125
DEBUG:root:Epoch: 15	 After Logistic Fitting, Train Loss: 0.9359596371650696	Top1 accuracy: 0.682360197368421
DEBUG:root:Epoch: 15	 After Logistic Fitting, Test  Loss: 1.0747873417792781	Top1 accuracy: 0.6131552419354839
DEBUG:root:Epoch: 16	Loss: 2.5589776039123535	Top1 accuracy: 50.9765625
DEBUG:root:Epoch: 17	Loss: 2.3527708053588867	Top1 accuracy: 52.34375
DEBUG:root:Epoch: 18	Loss: 2.1607446670532227	Top1 accuracy: 58.3984375
DEBUG:root:Epoch: 19	Loss: 3.6564159393310547	Top1 accuracy: 30.2734375
DEBUG:root:Epoch: 20	Loss: 3.3973240852355957	Top1 accuracy: 35.7421875
DEBUG:root:Epoch: 20	 After Logistic Fitting, Train Loss: 0.8103347859884563	Top1 accuracy: 0.7177220394736842
DEBUG:root:Epoch: 20	 After Logistic Fitting, Test  Loss: 0.9644799501665177	Top1 accuracy: 0.6507056451612904
DEBUG:root:Epoch: 21	Loss: 3.1374523639678955	Top1 accuracy: 35.546875
DEBUG:root:Epoch: 22	Loss: 2.9048023223876953	Top1 accuracy: 42.1875
DEBUG:root:Epoch: 23	Loss: 2.499480724334717	Top1 accuracy: 48.2421875
DEBUG:root:Epoch: 24	Loss: 2.46549129486084	Top1 accuracy: 48.046875
DEBUG:root:Epoch: 25	Loss: 2.5732803344726562	Top1 accuracy: 52.1484375
DEBUG:root:Epoch: 25	 After Logistic Fitting, Train Loss: 0.8325716382578799	Top1 accuracy: 0.7125822368421053
DEBUG:root:Epoch: 25	 After Logistic Fitting, Test  Loss: 0.9778461456298828	Top1 accuracy: 0.6475554435483871
DEBUG:root:Epoch: 26	Loss: 2.6352951526641846	Top1 accuracy: 58.0078125
DEBUG:root:Epoch: 27	Loss: 2.435237407684326	Top1 accuracy: 47.4609375
DEBUG:root:Epoch: 28	Loss: 2.1152892112731934	Top1 accuracy: 49.4140625
DEBUG:root:Epoch: 29	Loss: 2.183218002319336	Top1 accuracy: 53.515625
DEBUG:root:Epoch: 30	Loss: 2.2965779304504395	Top1 accuracy: 58.7890625
DEBUG:root:Epoch: 30	 After Logistic Fitting, Train Loss: 0.8209065418494376	Top1 accuracy: 0.7171052631578947
DEBUG:root:Epoch: 30	 After Logistic Fitting, Test  Loss: 0.9798663431598295	Top1 accuracy: 0.6450352822580645
DEBUG:root:Epoch: 31	Loss: 2.237379550933838	Top1 accuracy: 53.3203125
DEBUG:root:Epoch: 32	Loss: 2.0889012813568115	Top1 accuracy: 57.421875
DEBUG:root:Epoch: 33	Loss: 2.0831031799316406	Top1 accuracy: 54.8828125
DEBUG:root:Epoch: 34	Loss: 2.1395270824432373	Top1 accuracy: 58.7890625
DEBUG:root:Epoch: 35	Loss: 1.8477717638015747	Top1 accuracy: 63.671875
DEBUG:root:Epoch: 35	 After Logistic Fitting, Train Loss: 0.8166490228552568	Top1 accuracy: 0.7181332236842105
DEBUG:root:Epoch: 35	 After Logistic Fitting, Test  Loss: 0.971491898259809	Top1 accuracy: 0.6465473790322581
DEBUG:root:Epoch: 36	Loss: 1.9736915826797485	Top1 accuracy: 55.6640625
DEBUG:root:Epoch: 37	Loss: 3.1799983978271484	Top1 accuracy: 36.328125
DEBUG:root:Epoch: 38	Loss: 2.9105379581451416	Top1 accuracy: 42.96875
DEBUG:root:Epoch: 39	Loss: 2.5423524379730225	Top1 accuracy: 49.8046875
DEBUG:root:Epoch: 40	Loss: 2.3585314750671387	Top1 accuracy: 49.609375
DEBUG:root:Epoch: 40	 After Logistic Fitting, Train Loss: 0.7592292961321379	Top1 accuracy: 0.7405427631578947
DEBUG:root:Epoch: 40	 After Logistic Fitting, Test  Loss: 0.9128452174125179	Top1 accuracy: 0.6730090725806451
DEBUG:root:Epoch: 41	Loss: 2.1346025466918945	Top1 accuracy: 52.734375
DEBUG:root:Epoch: 42	Loss: 2.3017477989196777	Top1 accuracy: 55.46875
DEBUG:root:Epoch: 43	Loss: 2.167330265045166	Top1 accuracy: 54.8828125
DEBUG:root:Epoch: 44	Loss: 2.0660314559936523	Top1 accuracy: 56.4453125
DEBUG:root:Epoch: 45	Loss: 1.9982643127441406	Top1 accuracy: 57.421875
DEBUG:root:Epoch: 45	 After Logistic Fitting, Train Loss: 0.7775434883017289	Top1 accuracy: 0.7325246710526315
DEBUG:root:Epoch: 45	 After Logistic Fitting, Test  Loss: 0.9334565285713442	Top1 accuracy: 0.6660786290322581
DEBUG:root:Epoch: 46	Loss: 2.224574565887451	Top1 accuracy: 51.7578125
DEBUG:root:Epoch: 47	Loss: 1.948481559753418	Top1 accuracy: 56.25
DEBUG:root:Epoch: 48	Loss: 1.6457549333572388	Top1 accuracy: 54.4921875
DEBUG:root:Epoch: 49	Loss: 1.9730157852172852	Top1 accuracy: 61.1328125
DEBUG:root:Epoch: 50	Loss: 2.178943157196045	Top1 accuracy: 62.6953125
DEBUG:root:Epoch: 50	 After Logistic Fitting, Train Loss: 0.782119029446652	Top1 accuracy: 0.7298519736842105
DEBUG:root:Epoch: 50	 After Logistic Fitting, Test  Loss: 0.9353370224275896	Top1 accuracy: 0.6595262096774194
DEBUG:root:Epoch: 51	Loss: 1.9424653053283691	Top1 accuracy: 64.2578125
DEBUG:root:Epoch: 52	Loss: 1.9051876068115234	Top1 accuracy: 60.9375
DEBUG:root:Epoch: 53	Loss: 1.9428364038467407	Top1 accuracy: 65.8203125
DEBUG:root:Epoch: 54	Loss: 2.8611297607421875	Top1 accuracy: 40.4296875
DEBUG:root:Epoch: 55	Loss: 2.352195978164673	Top1 accuracy: 45.703125
DEBUG:root:Epoch: 55	 After Logistic Fitting, Train Loss: 0.7365688556119016	Top1 accuracy: 0.7514391447368421
DEBUG:root:Epoch: 55	 After Logistic Fitting, Test  Loss: 0.8872588680636498	Top1 accuracy: 0.6882560483870968
DEBUG:root:Epoch: 56	Loss: 2.6238465309143066	Top1 accuracy: 54.296875
DEBUG:root:Epoch: 57	Loss: 2.1580257415771484	Top1 accuracy: 57.421875
DEBUG:root:Epoch: 58	Loss: 2.4396119117736816	Top1 accuracy: 55.6640625
DEBUG:root:Epoch: 59	Loss: 2.054723024368286	Top1 accuracy: 58.59375
DEBUG:root:Epoch: 60	Loss: 1.8920135498046875	Top1 accuracy: 55.859375
DEBUG:root:Epoch: 60	 After Logistic Fitting, Train Loss: 0.7458659002655431	Top1 accuracy: 0.7391036184210527
DEBUG:root:Epoch: 60	 After Logistic Fitting, Test  Loss: 0.8878206418406579	Top1 accuracy: 0.6795614919354839
DEBUG:root:Epoch: 61	Loss: 1.9767545461654663	Top1 accuracy: 59.765625
DEBUG:root:Epoch: 62	Loss: 2.0064198970794678	Top1 accuracy: 59.5703125
DEBUG:root:Epoch: 63	Loss: 2.001695394515991	Top1 accuracy: 61.71875
DEBUG:root:Epoch: 64	Loss: 1.716855764389038	Top1 accuracy: 62.6953125
DEBUG:root:Epoch: 65	Loss: 1.4828892946243286	Top1 accuracy: 62.109375
DEBUG:root:Epoch: 65	 After Logistic Fitting, Train Loss: 0.7506054482961956	Top1 accuracy: 0.7432154605263158
DEBUG:root:Epoch: 65	 After Logistic Fitting, Test  Loss: 0.9054718479033439	Top1 accuracy: 0.6774193548387096
DEBUG:root:Epoch: 66	Loss: 1.7949246168136597	Top1 accuracy: 60.9375
DEBUG:root:Epoch: 67	Loss: 1.6549574136734009	Top1 accuracy: 64.453125
DEBUG:root:Epoch: 68	Loss: 1.8863264322280884	Top1 accuracy: 63.28125
DEBUG:root:Epoch: 69	Loss: 1.4968205690383911	Top1 accuracy: 59.9609375
DEBUG:root:Epoch: 70	Loss: 2.7682271003723145	Top1 accuracy: 38.8671875
DEBUG:root:Epoch: 70	 After Logistic Fitting, Train Loss: 0.72327931303727	Top1 accuracy: 0.7549342105263158
DEBUG:root:Epoch: 70	 After Logistic Fitting, Test  Loss: 0.8740527841352648	Top1 accuracy: 0.6873739919354839
DEBUG:root:Epoch: 71	Loss: 2.498337745666504	Top1 accuracy: 56.640625
DEBUG:root:Epoch: 72	Loss: 2.2527620792388916	Top1 accuracy: 57.6171875
DEBUG:root:Epoch: 73	Loss: 1.8488014936447144	Top1 accuracy: 59.375
DEBUG:root:Epoch: 74	Loss: 2.007413864135742	Top1 accuracy: 57.8125
DEBUG:root:Epoch: 75	Loss: 1.9701682329177856	Top1 accuracy: 64.0625
DEBUG:root:Epoch: 75	 After Logistic Fitting, Train Loss: 0.7235157144697089	Top1 accuracy: 0.74609375
DEBUG:root:Epoch: 75	 After Logistic Fitting, Test  Loss: 0.8652887998088714	Top1 accuracy: 0.6906502016129032
DEBUG:root:Epoch: 76	Loss: 1.821481704711914	Top1 accuracy: 64.0625
DEBUG:root:Epoch: 77	Loss: 2.0163228511810303	Top1 accuracy: 64.0625
DEBUG:root:Epoch: 78	Loss: 2.0021984577178955	Top1 accuracy: 62.3046875
DEBUG:root:Epoch: 79	Loss: 1.9722340106964111	Top1 accuracy: 66.6015625
DEBUG:root:Epoch: 80	Loss: 1.5754321813583374	Top1 accuracy: 66.015625
DEBUG:root:Epoch: 80	 After Logistic Fitting, Train Loss: 0.7417311009607817	Top1 accuracy: 0.74609375
DEBUG:root:Epoch: 80	 After Logistic Fitting, Test  Loss: 0.8901858425909474	Top1 accuracy: 0.6843497983870968
DEBUG:root:Epoch: 81	Loss: 1.910036563873291	Top1 accuracy: 65.4296875
DEBUG:root:Epoch: 82	Loss: 1.9266643524169922	Top1 accuracy: 65.4296875
DEBUG:root:Epoch: 83	Loss: 1.577567458152771	Top1 accuracy: 64.0625
DEBUG:root:Epoch: 84	Loss: 1.3780643939971924	Top1 accuracy: 65.234375
DEBUG:root:Epoch: 85	Loss: 2.8564257621765137	Top1 accuracy: 51.171875
DEBUG:root:Epoch: 85	 After Logistic Fitting, Train Loss: 0.7009638202817816	Top1 accuracy: 0.7648026315789473
DEBUG:root:Epoch: 85	 After Logistic Fitting, Test  Loss: 0.8645066215145972	Top1 accuracy: 0.6938004032258065
DEBUG:root:Epoch: 86	Loss: 2.26765775680542	Top1 accuracy: 52.734375
DEBUG:root:Epoch: 87	Loss: 2.1515111923217773	Top1 accuracy: 56.25
DEBUG:root:Epoch: 88	Loss: 1.9402111768722534	Top1 accuracy: 55.2734375
DEBUG:root:Epoch: 89	Loss: 1.6945717334747314	Top1 accuracy: 62.3046875
DEBUG:root:Epoch: 90	Loss: 1.738387107849121	Top1 accuracy: 60.9375
DEBUG:root:Epoch: 90	 After Logistic Fitting, Train Loss: 0.7165191957825109	Top1 accuracy: 0.7545230263157895
DEBUG:root:Epoch: 90	 After Logistic Fitting, Test  Loss: 0.8657443234997411	Top1 accuracy: 0.6912802419354839
DEBUG:root:Epoch: 91	Loss: 1.743394374847412	Top1 accuracy: 66.2109375
DEBUG:root:Epoch: 92	Loss: 1.7885676622390747	Top1 accuracy: 65.234375
DEBUG:root:Epoch: 93	Loss: 1.8692877292633057	Top1 accuracy: 62.3046875
DEBUG:root:Epoch: 94	Loss: 1.711075782775879	Top1 accuracy: 65.625
DEBUG:root:Epoch: 95	Loss: 1.90358304977417	Top1 accuracy: 65.625
DEBUG:root:Epoch: 95	 After Logistic Fitting, Train Loss: 0.7146644874622947	Top1 accuracy: 0.7549342105263158
DEBUG:root:Epoch: 95	 After Logistic Fitting, Test  Loss: 0.8836072971743922	Top1 accuracy: 0.6843497983870968
DEBUG:root:Epoch: 96	Loss: 1.8434356451034546	Top1 accuracy: 64.453125
DEBUG:root:Epoch: 97	Loss: 1.5474518537521362	Top1 accuracy: 65.8203125
DEBUG:root:Epoch: 98	Loss: 1.9882967472076416	Top1 accuracy: 67.96875
DEBUG:root:Epoch: 99	Loss: 2.4620633125305176	Top1 accuracy: 46.09375
INFO:root:Training has finished.
INFO:root:Model checkpoint and metadata has been saved at /storage/colinconwell/workspace/deepgaze/Foveated_Saccade_SimCLR-dev/runs/test_Aug23_00-53-51-684.
DEBUG:root:Final Evaluation 	 After Logistic Fitting, Train Loss: 0.7009437366535789	Top1 accuracy: 0.7619243421052632
DEBUG:root:Final Evaluation 	 After Logistic Fitting, Test  Loss: 0.8366535267522258	Top1 accuracy: 0.7022429435483871
